[INFO] Scanning for projects...
[INFO] 
[INFO] -----------------------< cl.chessquery:ms-game >------------------------
[INFO] Building ms-game 0.0.1-SNAPSHOT
[INFO]   from pom.xml
[INFO] --------------------------------[ jar ]---------------------------------
[INFO] 
[INFO] --- jacoco:0.8.11:prepare-agent (default) @ ms-game ---
[INFO] argLine set to -javaagent:/home/agustingcastro/.m2/repository/org/jacoco/org.jacoco.agent/0.8.11/org.jacoco.agent-0.8.11-runtime.jar=destfile=/home/agustingcastro/ChessQuery_FS3/ms-game/target/jacoco.exec
[INFO] 
[INFO] --- resources:3.3.1:resources (default-resources) @ ms-game ---
[INFO] Copying 1 resource from src/main/resources to target/classes
[INFO] Copying 4 resources from src/main/resources to target/classes
[INFO] 
[INFO] --- compiler:3.11.0:compile (default-compile) @ ms-game ---
[INFO] Nothing to compile - all classes are up to date
[INFO] 
[INFO] --- resources:3.3.1:testResources (default-testResources) @ ms-game ---
[INFO] Copying 1 resource from src/test/resources to target/test-classes
[INFO] 
[INFO] --- compiler:3.11.0:testCompile (default-testCompile) @ ms-game ---
[INFO] Nothing to compile - all classes are up to date
[INFO] 
[INFO] --- surefire:3.1.2:test (default-test) @ ms-game ---
[INFO] Using auto detected provider org.apache.maven.surefire.junitplatform.JUnitPlatformProvider
[INFO] 
[INFO] -------------------------------------------------------
[INFO]  T E S T S
[INFO] -------------------------------------------------------
[INFO] Running cl.chessquery.game.storage.SupabaseStorageServiceTest
03:19:18.963 [main] ERROR cl.chessquery.game.storage.SupabaseStorageService -- Fallo upload PGN a Supabase Storage: bucket=chessquery-pgn key=games/x.pgn status=400 BAD_REQUEST
03:19:19.053 [main] ERROR cl.chessquery.game.storage.SupabaseStorageService -- Fallo presign en Supabase Storage: bucket=chessquery-pgn key=games/x.pgn status=400 BAD_REQUEST
03:19:19.145 [main] INFO cl.chessquery.game.storage.SupabaseStorageService -- PGN subido a Supabase Storage: bucket=chessquery-pgn key=games/2026/05/42.pgn size=17
03:19:19.163 [main] INFO cl.chessquery.game.storage.SupabaseStorageService -- PGN subido a Supabase Storage: bucket=chessquery-pgn key=k size=3
[INFO] Tests run: 5, Failures: 0, Errors: 0, Skipped: 0, Time elapsed: 9.056 s -- in cl.chessquery.game.storage.SupabaseStorageServiceTest
[INFO] Running cl.chessquery.game.service.GameServiceTest
03:19:20.114 [main] ERROR cl.chessquery.game.service.GameService -- Storage inaccesible al subir PGN gameId=99: S3 caído
03:19:20.198 [main] INFO cl.chessquery.game.service.GameService -- Partida registrada: id=42 1-2 result=1-0 whiteElo=1500→1516 blackElo=1500→1484
03:19:20.227 [main] INFO cl.chessquery.game.service.GameService -- Partida registrada: id=7 1-2 result=0-1 whiteElo=1500→1490 blackElo=1500→1510
[INFO] Tests run: 3, Failures: 0, Errors: 0, Skipped: 0, Time elapsed: 0.992 s -- in cl.chessquery.game.service.GameServiceTest
[INFO] Running cl.chessquery.game.service.LiveGameServiceTest
03:19:20.584 [main] INFO cl.chessquery.game.service.LiveGameService -- LiveGame creada id=1 white=1
03:19:20.598 [main] INFO cl.chessquery.game.service.LiveGameService -- LiveGame 1 joined: black=2
03:19:20.629 [main] INFO cl.chessquery.game.service.LiveGameService -- LiveGame creada id=1 white=1
03:19:20.629 [main] INFO cl.chessquery.game.service.LiveGameService -- LiveGame 1 joined: black=2
03:19:20.740 [main] INFO cl.chessquery.game.service.LiveGameService -- LiveGame creada id=1 white=1
03:19:20.741 [main] INFO cl.chessquery.game.service.LiveGameService -- LiveGame 1 joined: black=2
03:19:20.873 [main] INFO cl.chessquery.game.service.LiveGameService -- LiveGame creada id=1 white=1
03:19:20.874 [main] INFO cl.chessquery.game.service.LiveGameService -- LiveGame 1 joined: black=2
03:19:20.904 [main] INFO cl.chessquery.game.service.LiveGameService -- LiveGame 1 finalizada (result=1-0 reason=RESIGN); materialización PGN programada
[INFO] Tests run: 4, Failures: 0, Errors: 0, Skipped: 0, Time elapsed: 0.675 s -- in cl.chessquery.game.service.LiveGameServiceTest
[INFO] Running cl.chessquery.game.elo.EloCalculatorTest
[INFO] Tests run: 4, Failures: 0, Errors: 0, Skipped: 0, Time elapsed: 0.072 s -- in cl.chessquery.game.elo.EloCalculatorTest
[INFO] 
[INFO] Results:
[INFO] 
[INFO] Tests run: 16, Failures: 0, Errors: 0, Skipped: 0
[INFO] 
[INFO] 
[INFO] --- jacoco:0.8.11:report (report) @ ms-game ---
[INFO] Loading execution data file /home/agustingcastro/ChessQuery_FS3/ms-game/target/jacoco.exec
[INFO] Analyzed bundle 'ms-game' with 45 classes
[INFO] ------------------------------------------------------------------------
[INFO] BUILD SUCCESS
[INFO] ------------------------------------------------------------------------
[INFO] Total time:  19.527 s
[INFO] Finished at: 2026-05-26T03:19:22-04:00
[INFO] ------------------------------------------------------------------------
