[INFO] Scanning for projects...
[INFO] 
[INFO] --------------------< cl.chessquery:ms-tournament >---------------------
[INFO] Building ms-tournament 0.0.1-SNAPSHOT
[INFO]   from pom.xml
[INFO] --------------------------------[ jar ]---------------------------------
[INFO] 
[INFO] --- clean:3.3.2:clean (default-clean) @ ms-tournament ---
[INFO] Deleting /Users/agustingarridosnoopy/ChessQuery_FS3/ms-tournament/target
[INFO] 
[INFO] --- jacoco:0.8.11:prepare-agent (default) @ ms-tournament ---
[INFO] argLine set to -javaagent:/Users/agustingarridosnoopy/.m2/repository/org/jacoco/org.jacoco.agent/0.8.11/org.jacoco.agent-0.8.11-runtime.jar=destfile=/Users/agustingarridosnoopy/ChessQuery_FS3/ms-tournament/target/jacoco.exec
[INFO] 
[INFO] --- resources:3.3.1:resources (default-resources) @ ms-tournament ---
[INFO] Copying 1 resource from src/main/resources to target/classes
[INFO] Copying 5 resources from src/main/resources to target/classes
[INFO] 
[INFO] --- compiler:3.11.0:compile (default-compile) @ ms-tournament ---
[INFO] Changes detected - recompiling the module! :source
[INFO] Compiling 40 source files with javac [debug release 17] to target/classes
[INFO] Annotation processing is enabled because one or more processors were found
  on the class path. A future release of javac may disable annotation processing
  unless at least one processor is specified by name (-processor), or a search
  path is specified (--processor-path, --processor-module-path), or annotation
  processing is enabled explicitly (-proc:only, -proc:full).
  Use -Xlint:-options to suppress this message.
  Use -proc:none to disable annotation processing.
[INFO] 
[INFO] --- resources:3.3.1:testResources (default-testResources) @ ms-tournament ---
[INFO] skip non existing resourceDirectory /Users/agustingarridosnoopy/ChessQuery_FS3/ms-tournament/src/test/resources
[INFO] 
[INFO] --- compiler:3.11.0:testCompile (default-testCompile) @ ms-tournament ---
[INFO] Changes detected - recompiling the module! :dependency
[INFO] Compiling 1 source file with javac [debug release 17] to target/test-classes
[INFO] Annotation processing is enabled because one or more processors were found
  on the class path. A future release of javac may disable annotation processing
  unless at least one processor is specified by name (-processor), or a search
  path is specified (--processor-path, --processor-module-path), or annotation
  processing is enabled explicitly (-proc:only, -proc:full).
  Use -Xlint:-options to suppress this message.
  Use -proc:none to disable annotation processing.
[INFO] 
[INFO] --- surefire:3.1.2:test (default-test) @ ms-tournament ---
[INFO] Using auto detected provider org.apache.maven.surefire.junitplatform.JUnitPlatformProvider
[INFO] 
[INFO] -------------------------------------------------------
[INFO]  T E S T S
[INFO] -------------------------------------------------------
[INFO] Running cl.chessquery.tournament.pairing.SwissPairingStrategyTest
[INFO] Tests run: 2, Failures: 0, Errors: 0, Skipped: 0, Time elapsed: 0.100 s -- in cl.chessquery.tournament.pairing.SwissPairingStrategyTest
[INFO] 
[INFO] Results:
[INFO] 
[INFO] Tests run: 2, Failures: 0, Errors: 0, Skipped: 0
[INFO] 
[INFO] 
[INFO] --- jacoco:0.8.11:report (report) @ ms-tournament ---
[INFO] Loading execution data file /Users/agustingarridosnoopy/ChessQuery_FS3/ms-tournament/target/jacoco.exec
[INFO] Analyzed bundle 'ms-tournament' with 39 classes
[INFO] 
[INFO] --- jacoco:0.8.11:report (default-cli) @ ms-tournament ---
[INFO] Loading execution data file /Users/agustingarridosnoopy/ChessQuery_FS3/ms-tournament/target/jacoco.exec
[INFO] Analyzed bundle 'ms-tournament' with 39 classes
[INFO] ------------------------------------------------------------------------
[INFO] BUILD SUCCESS
[INFO] ------------------------------------------------------------------------
[INFO] Total time:  5.125 s
[INFO] Finished at: 2026-05-11T18:03:29-04:00
[INFO] ------------------------------------------------------------------------
