[INFO] Scanning for projects...
[INFO] 
[INFO] -----------------------< cl.chessquery:ms-users >-----------------------
[INFO] Building ms-users 0.0.1-SNAPSHOT
[INFO]   from pom.xml
[INFO] --------------------------------[ jar ]---------------------------------
[INFO] 
[INFO] --- jacoco:0.8.11:prepare-agent (default) @ ms-users ---
[INFO] argLine set to -javaagent:/home/agustingcastro/.m2/repository/org/jacoco/org.jacoco.agent/0.8.11/org.jacoco.agent-0.8.11-runtime.jar=destfile=/home/agustingcastro/ChessQuery_FS3/ms-users/target/jacoco.exec
[INFO] 
[INFO] --- resources:3.3.1:resources (default-resources) @ ms-users ---
[INFO] Copying 1 resource from src/main/resources to target/classes
[INFO] Copying 9 resources from src/main/resources to target/classes
[INFO] 
[INFO] --- compiler:3.11.0:compile (default-compile) @ ms-users ---
[INFO] Nothing to compile - all classes are up to date
[INFO] 
[INFO] --- resources:3.3.1:testResources (default-testResources) @ ms-users ---
[INFO] skip non existing resourceDirectory /home/agustingcastro/ChessQuery_FS3/ms-users/src/test/resources
[INFO] 
[INFO] --- compiler:3.11.0:testCompile (default-testCompile) @ ms-users ---
[INFO] Nothing to compile - all classes are up to date
[INFO] 
[INFO] --- surefire:3.1.2:test (default-test) @ ms-users ---
[INFO] Using auto detected provider org.apache.maven.surefire.junitplatform.JUnitPlatformProvider
[INFO] 
[INFO] -------------------------------------------------------
[INFO]  T E S T S
[INFO] -------------------------------------------------------
[INFO] Running cl.chessquery.users.service.AgeCategoryTest
[INFO] Tests run: 21, Failures: 0, Errors: 0, Skipped: 0, Time elapsed: 1.216 s -- in cl.chessquery.users.service.AgeCategoryTest
[INFO] Running cl.chessquery.users.service.PlayerSearchServiceTest
[INFO] Tests run: 7, Failures: 0, Errors: 0, Skipped: 0, Time elapsed: 9.735 s -- in cl.chessquery.users.service.PlayerSearchServiceTest
[INFO] Running cl.chessquery.users.controller.UserControllerIntegrationTest
03:19:22.993 [main] INFO org.springframework.test.context.support.AnnotationConfigContextLoaderUtils -- Could not detect default configuration classes for test class [cl.chessquery.users.controller.UserControllerIntegrationTest]: UserControllerIntegrationTest does not declare any static, non-private, non-final, nested classes annotated with @Configuration.
03:19:23.412 [main] INFO org.springframework.boot.test.context.SpringBootTestContextBootstrapper -- Found @SpringBootConfiguration cl.chessquery.users.UsersApplication for test class cl.chessquery.users.controller.UserControllerIntegrationTest

  .   ____          _            __ _ _
 /\\ / ___'_ __ _ _(_)_ __  __ _ \ \ \ \
( ( )\___ | '_ | '_| | '_ \/ _` | \ \ \ \
 \\/  ___)| |_)| | | | | || (_| |  ) ) ) )
  '  |____| .__|_| |_|_| |_\__, | / / / /
 =========|_|==============|___/=/_/_/_/
 :: Spring Boot ::                (v3.2.4)

2026-05-26T03:19:24.376-04:00  INFO 71126 --- [ms-users] [           main] c.c.u.c.UserControllerIntegrationTest    : Starting UserControllerIntegrationTest using Java 17.0.13 with PID 71126 (started by agustingcastro in /home/agustingcastro/ChessQuery_FS3/ms-users)
2026-05-26T03:19:24.379-04:00 DEBUG 71126 --- [ms-users] [           main] c.c.u.c.UserControllerIntegrationTest    : Running with Spring Boot v3.2.4, Spring v6.1.5
2026-05-26T03:19:24.379-04:00  INFO 71126 --- [ms-users] [           main] c.c.u.c.UserControllerIntegrationTest    : No active profile set, falling back to 1 default profile: "default"
2026-05-26T03:19:26.479-04:00  INFO 71126 --- [ms-users] [           main] o.s.b.t.m.w.SpringBootMockServletContext : Initializing Spring TestDispatcherServlet ''
2026-05-26T03:19:26.479-04:00  INFO 71126 --- [ms-users] [           main] o.s.t.web.servlet.TestDispatcherServlet  : Initializing Servlet ''
2026-05-26T03:19:26.481-04:00  INFO 71126 --- [ms-users] [           main] o.s.t.web.servlet.TestDispatcherServlet  : Completed initialization in 1 ms
2026-05-26T03:19:26.520-04:00  INFO 71126 --- [ms-users] [           main] c.c.u.c.UserControllerIntegrationTest    : Started UserControllerIntegrationTest in 2.95 seconds (process running for 18.558)
[INFO] Tests run: 9, Failures: 0, Errors: 0, Skipped: 0, Time elapsed: 4.693 s -- in cl.chessquery.users.controller.UserControllerIntegrationTest
[INFO] Running cl.chessquery.users.messaging.RatingUpdatedConsumerTest
2026-05-26T03:19:27.227-04:00  INFO 71126 --- [ms-users] [           main] c.c.u.messaging.RatingUpdatedConsumer    : rating.updated source=AJEFECH updated=0 created=1 skipped=0
2026-05-26T03:19:27.235-04:00 DEBUG 71126 --- [ms-users] [           main] c.c.u.messaging.RatingUpdatedConsumer    : rating.updated 05f97da9-7db9-4b04-8817-713c17b08b21 ya procesado, descartado
2026-05-26T03:19:27.238-04:00  INFO 71126 --- [ms-users] [           main] c.c.u.messaging.RatingUpdatedConsumer    : rating.updated source=AJEFECH updated=1 created=0 skipped=0
2026-05-26T03:19:27.242-04:00  INFO 71126 --- [ms-users] [           main] c.c.u.messaging.RatingUpdatedConsumer    : rating.updated source=AJEFECH updated=1 created=0 skipped=0
2026-05-26T03:19:27.245-04:00  INFO 71126 --- [ms-users] [           main] c.c.u.messaging.RatingUpdatedConsumer    : rating.updated source=AJEFECH updated=0 created=1 skipped=0
2026-05-26T03:19:27.248-04:00 DEBUG 71126 --- [ms-users] [           main] c.c.u.messaging.RatingUpdatedConsumer    : Evento ignorado en users.rating.queue: game.finished
2026-05-26T03:19:27.251-04:00  INFO 71126 --- [ms-users] [           main] c.c.u.messaging.RatingUpdatedConsumer    : rating.updated source=AJEFECH updated=1 created=0 skipped=0
[INFO] Tests run: 7, Failures: 0, Errors: 0, Skipped: 0, Time elapsed: 0.124 s -- in cl.chessquery.users.messaging.RatingUpdatedConsumerTest
[INFO] Running cl.chessquery.users.messaging.UserRegisteredConsumerTest
2026-05-26T03:19:27.256-04:00  WARN 71126 --- [ms-users] [           main] c.c.u.messaging.UserRegisteredConsumer   : user.registered recibido sin payload: {eventType=user.registered}
2026-05-26T03:19:27.261-04:00  WARN 71126 --- [ms-users] [           main] c.c.u.messaging.UserRegisteredConsumer   : user.registered con userId inválido: not-a-uuid
2026-05-26T03:19:27.263-04:00  WARN 71126 --- [ms-users] [           main] c.c.u.messaging.UserRegisteredConsumer   : user.registered sin userId, descartado
[INFO] Tests run: 4, Failures: 0, Errors: 0, Skipped: 0, Time elapsed: 0.017 s -- in cl.chessquery.users.messaging.UserRegisteredConsumerTest
[INFO] 
[INFO] Results:
[INFO] 
[INFO] Tests run: 48, Failures: 0, Errors: 0, Skipped: 0
[INFO] 
[INFO] 
[INFO] --- jacoco:0.8.11:report (report) @ ms-users ---
[INFO] Loading execution data file /home/agustingcastro/ChessQuery_FS3/ms-users/target/jacoco.exec
[INFO] Analyzed bundle 'ms-users' with 39 classes
[INFO] ------------------------------------------------------------------------
[INFO] BUILD SUCCESS
[INFO] ------------------------------------------------------------------------
[INFO] Total time:  25.044 s
[INFO] Finished at: 2026-05-26T03:19:27-04:00
[INFO] ------------------------------------------------------------------------
